<?xml version="1.0" encoding="UTF-8"?>
<testng-results skipped="0" failed="0" ignored="0" total="1" passed="1">
  <reporter-output>
  </reporter-output>
  <suite name="Default suite" duration-ms="43117" started-at="2023-02-01T13:37:10 IST" finished-at="2023-02-01T13:37:53 IST">
    <groups>
    </groups>
    <test name="Default test" duration-ms="43117" started-at="2023-02-01T13:37:10 IST" finished-at="2023-02-01T13:37:53 IST">
      <class name="com.inetbanking.testCases.TC_LoginTest_001">
        <test-method status="PASS" signature="setup()[pri:0, instance:com.inetbanking.testCases.TC_LoginTest_001@2f0a87b3]" name="setup" is-config="true" duration-ms="39364" started-at="2023-02-01T13:37:10 IST" finished-at="2023-02-01T13:37:50 IST">
          <reporter-output>
          </reporter-output>
        </test-method> <!-- setup -->
        <test-method status="PASS" signature="loginTest()[pri:0, instance:com.inetbanking.testCases.TC_LoginTest_001@2f0a87b3]" name="loginTest" duration-ms="2768" started-at="2023-02-01T13:37:50 IST" finished-at="2023-02-01T13:37:53 IST">
          <reporter-output>
          </reporter-output>
        </test-method> <!-- loginTest -->
        <test-method status="PASS" signature="tearDown()[pri:0, instance:com.inetbanking.testCases.TC_LoginTest_001@2f0a87b3]" name="tearDown" is-config="true" duration-ms="827" started-at="2023-02-01T13:37:53 IST" finished-at="2023-02-01T13:37:53 IST">
          <reporter-output>
          </reporter-output>
        </test-method> <!-- tearDown -->
      </class> <!-- com.inetbanking.testCases.TC_LoginTest_001 -->
    </test> <!-- Default test -->
  </suite> <!-- Default suite -->
</testng-results>
